<?xml version="1.0" encoding="UTF-8"?>
<!-- Generated by org.testng.reporters.JUnitReportReporter -->
<testsuite hostname="DESKTOP-VD8TREF" name="day06.ZuoyeTest" tests="3" failures="0" timestamp="10 Jan 2019 11:04:45 GMT" time="39.835" errors="0">
  <testcase name="blogin" time="11.192" classname="day06.ZuoyeTest"/>
  <testcase name="af" time="14.184" classname="day06.ZuoyeTest"/>
  <testcase name="cht" time="14.459" classname="day06.ZuoyeTest"/>
</testsuite> <!-- day06.ZuoyeTest -->
