<?xml version="1.0" encoding="UTF-8"?>
<!-- Generated by org.testng.reporters.JUnitReportReporter -->
<testsuite hostname="DESKTOP-VD8TREF" name="Kaoshi.qiantaikaoshiTest" tests="1" failures="0" timestamp="2 Jan 2019 07:38:04 GMT" time="15.481" errors="0">
  <testcase name="login" time="15.481" classname="Kaoshi.qiantaikaoshiTest"/>
</testsuite> <!-- Kaoshi.qiantaikaoshiTest -->
