<?xml version="1.0" encoding="UTF-8"?>
<!-- Generated by org.testng.reporters.JUnitReportReporter -->
<testsuite hostname="DESKTOP-VD8TREF" name="Kaoshi.qiantaikaoshiTestTest" tests="1" failures="0" timestamp="3 Jan 2019 11:39:44 GMT" time="25.147" errors="0">
  <testcase name="login" time="25.147" classname="Kaoshi.qiantaikaoshiTestTest"/>
</testsuite> <!-- Kaoshi.qiantaikaoshiTestTest -->
